<?xml version="1.0" encoding="UTF-8"?>
<testsuite name="org.hyperskill.secretdiary.Stage5UnitTest" tests="8" skipped="0" failures="0" errors="0" timestamp="2024-12-14T18:25:04" hostname="MacBook-Air-Wioleta.local" time="3.803">
  <properties/>
  <testcase name="test00_checkEditTextPin" classname="org.hyperskill.secretdiary.Stage5UnitTest" time="3.218"/>
  <testcase name="test01_checkButtonLogin" classname="org.hyperskill.secretdiary.Stage5UnitTest" time="0.095"/>
  <testcase name="test02_checkLauncher" classname="org.hyperskill.secretdiary.Stage5UnitTest" time="0.064"/>
  <testcase name="test03_checkNavigation" classname="org.hyperskill.secretdiary.Stage5UnitTest" time="0.158"/>
  <testcase name="test04_checkLoginActivityFinished" classname="org.hyperskill.secretdiary.Stage5UnitTest" time="0.076"/>
  <testcase name="test05_checkWrongPinErrorMessage" classname="org.hyperskill.secretdiary.Stage5UnitTest" time="0.083"/>
  <testcase name="test06_checkWrongPinActivityBehavior" classname="org.hyperskill.secretdiary.Stage5UnitTest" time="0.063"/>
  <testcase name="testShouldCheckTextViewTitle" classname="org.hyperskill.secretdiary.Stage5UnitTest" time="0.046"/>
  <system-out><![CDATA[]]></system-out>
  <system-err><![CDATA[]]></system-err>
</testsuite>
